<?xml version="1.0" encoding="UTF-8"?>
<coverage generated="1717316407751" clover="3.2.0">
  <project timestamp="1717316407751" name="All files">
    <metrics statements="73" coveredstatements="58" conditionals="14" coveredconditionals="4" methods="30" coveredmethods="18" elements="117" coveredelements="80" complexity="0" loc="73" ncloc="73" packages="2" files="11" classes="11"/>
    <package name="components">
      <metrics statements="52" coveredstatements="44" conditionals="12" coveredconditionals="4" methods="22" coveredmethods="16"/>
      <file name="Body.js" path="C:\Users\Mohamed Hashim\Desktop\LEARNING\REACT\NAMASTE REACT\lesson 1\src\components\Body.js">
        <metrics statements="31" coveredstatements="24" conditionals="8" coveredconditionals="2" methods="13" coveredmethods="8"/>
        <line num="9" count="1" type="stmt"/>
        <line num="11" count="6" type="stmt"/>
        <line num="13" count="6" type="stmt"/>
        <line num="15" count="6" type="stmt"/>
        <line num="17" count="6" type="stmt"/>
        <line num="20" count="6" type="stmt"/>
        <line num="21" count="2" type="stmt"/>
        <line num="26" count="6" type="stmt"/>
        <line num="27" count="0" type="stmt"/>
        <line num="28" count="0" type="stmt"/>
        <line num="31" count="0" type="stmt"/>
        <line num="35" count="6" type="stmt"/>
        <line num="37" count="6" type="stmt"/>
        <line num="38" count="2" type="stmt"/>
        <line num="42" count="2" type="stmt"/>
        <line num="46" count="2" type="stmt"/>
        <line num="47" count="2" type="stmt"/>
        <line num="50" count="6" type="stmt"/>
        <line num="51" count="6" type="cond" truecount="1" falsecount="1"/>
        <line num="52" count="0" type="stmt"/>
        <line num="59" count="6" type="stmt"/>
        <line num="71" count="0" type="stmt"/>
        <line num="73" count="0" type="cond" truecount="0" falsecount="2"/>
        <line num="79" count="1" type="stmt"/>
        <line num="80" count="20" type="stmt"/>
        <line num="83" count="1" type="stmt"/>
        <line num="94" count="1" type="stmt"/>
        <line num="96" count="20" type="stmt"/>
        <line num="99" count="1" type="stmt"/>
        <line num="103" count="0" type="cond" truecount="0" falsecount="2"/>
        <line num="111" count="67" type="stmt"/>
      </file>
      <file name="Contact.js" path="C:\Users\Mohamed Hashim\Desktop\LEARNING\REACT\NAMASTE REACT\lesson 1\src\components\Contact.js">
        <metrics statements="2" coveredstatements="2" conditionals="0" coveredconditionals="0" methods="1" coveredmethods="1"/>
        <line num="1" count="1" type="stmt"/>
        <line num="2" count="4" type="stmt"/>
      </file>
      <file name="Header.js" path="C:\Users\Mohamed Hashim\Desktop\LEARNING\REACT\NAMASTE REACT\lesson 1\src\components\Header.js">
        <metrics statements="8" coveredstatements="8" conditionals="4" coveredconditionals="2" methods="3" coveredmethods="3"/>
        <line num="7" count="1" type="stmt"/>
        <line num="9" count="5" type="stmt"/>
        <line num="10" count="5" type="stmt"/>
        <line num="11" count="5" type="stmt"/>
        <line num="14" count="9" type="stmt"/>
        <line num="16" count="5" type="stmt"/>
        <line num="19" count="5" type="stmt"/>
        <line num="36" count="1" type="cond" truecount="1" falsecount="1"/>
      </file>
      <file name="RestaurantCard.js" path="C:\Users\Mohamed Hashim\Desktop\LEARNING\REACT\NAMASTE REACT\lesson 1\src\components\RestaurantCard.js">
        <metrics statements="7" coveredstatements="7" conditionals="0" coveredconditionals="0" methods="3" coveredmethods="3"/>
        <line num="4" count="2" type="stmt"/>
        <line num="6" count="69" type="stmt"/>
        <line num="7" count="69" type="stmt"/>
        <line num="8" count="69" type="stmt"/>
        <line num="25" count="2" type="stmt"/>
        <line num="26" count="7" type="stmt"/>
        <line num="27" count="1" type="stmt"/>
      </file>
      <file name="Shimmer.js" path="C:\Users\Mohamed Hashim\Desktop\LEARNING\REACT\NAMASTE REACT\lesson 1\src\components\Shimmer.js">
        <metrics statements="2" coveredstatements="1" conditionals="0" coveredconditionals="0" methods="1" coveredmethods="0"/>
        <line num="1" count="1" type="stmt"/>
        <line num="2" count="0" type="stmt"/>
      </file>
      <file name="sum.js" path="C:\Users\Mohamed Hashim\Desktop\LEARNING\REACT\NAMASTE REACT\lesson 1\src\components\sum.js">
        <metrics statements="2" coveredstatements="2" conditionals="0" coveredconditionals="0" methods="1" coveredmethods="1"/>
        <line num="1" count="1" type="stmt"/>
        <line num="2" count="1" type="stmt"/>
      </file>
    </package>
    <package name="utils">
      <metrics statements="21" coveredstatements="14" conditionals="2" coveredconditionals="0" methods="8" coveredmethods="2"/>
      <file name="UserContext.js" path="C:\Users\Mohamed Hashim\Desktop\LEARNING\REACT\NAMASTE REACT\lesson 1\src\utils\UserContext.js">
        <metrics statements="1" coveredstatements="1" conditionals="0" coveredconditionals="0" methods="0" coveredmethods="0"/>
        <line num="4" count="2" type="stmt"/>
      </file>
      <file name="appStore.js" path="C:\Users\Mohamed Hashim\Desktop\LEARNING\REACT\NAMASTE REACT\lesson 1\src\utils\appStore.js">
        <metrics statements="1" coveredstatements="1" conditionals="0" coveredconditionals="0" methods="0" coveredmethods="0"/>
        <line num="4" count="1" type="stmt"/>
      </file>
      <file name="cartSlice.js" path="C:\Users\Mohamed Hashim\Desktop\LEARNING\REACT\NAMASTE REACT\lesson 1\src\utils\cartSlice.js">
        <metrics statements="7" coveredstatements="2" conditionals="2" coveredconditionals="0" methods="4" coveredmethods="0"/>
        <line num="4" count="1" type="stmt"/>
        <line num="11" count="0" type="stmt"/>
        <line num="14" count="0" type="stmt"/>
        <line num="16" count="0" type="cond" truecount="0" falsecount="2"/>
        <line num="17" count="0" type="stmt"/>
        <line num="21" count="0" type="stmt"/>
        <line num="28" count="1" type="stmt"/>
      </file>
      <file name="constants.js" path="C:\Users\Mohamed Hashim\Desktop\LEARNING\REACT\NAMASTE REACT\lesson 1\src\utils\constants.js">
        <metrics statements="4" coveredstatements="4" conditionals="0" coveredconditionals="0" methods="0" coveredmethods="0"/>
        <line num="1" count="3" type="stmt"/>
        <line num="3" count="3" type="stmt"/>
        <line num="5" count="3" type="stmt"/>
        <line num="7" count="3" type="stmt"/>
      </file>
      <file name="useOnlineStatus.js" path="C:\Users\Mohamed Hashim\Desktop\LEARNING\REACT\NAMASTE REACT\lesson 1\src\utils\useOnlineStatus.js">
        <metrics statements="8" coveredstatements="6" conditionals="0" coveredconditionals="0" methods="4" coveredmethods="2"/>
        <line num="3" count="2" type="stmt"/>
        <line num="5" count="11" type="stmt"/>
        <line num="7" count="11" type="stmt"/>
        <line num="8" count="6" type="stmt"/>
        <line num="9" count="0" type="stmt"/>
        <line num="12" count="6" type="stmt"/>
        <line num="13" count="0" type="stmt"/>
        <line num="18" count="11" type="stmt"/>
      </file>
    </package>
  </project>
</coverage>

