<?xml version="1.0" encoding="UTF-8"?>
<coverage generated="1717218731806" clover="3.2.0">
  <project timestamp="1717218731806" name="All files">
    <metrics statements="33" coveredstatements="23" conditionals="6" coveredconditionals="1" methods="13" coveredmethods="5" elements="52" coveredelements="29" complexity="0" loc="33" ncloc="33" packages="2" files="8" classes="8"/>
    <package name="components">
      <metrics statements="12" coveredstatements="11" conditionals="4" coveredconditionals="1" methods="5" coveredmethods="4"/>
      <file name="Contact.js" path="C:\Users\Mohamed Hashim\Desktop\LEARNING\REACT\NAMASTE REACT\lesson 1\src\components\Contact.js">
        <metrics statements="2" coveredstatements="2" conditionals="0" coveredconditionals="0" methods="1" coveredmethods="1"/>
        <line num="1" count="1" type="stmt"/>
        <line num="2" count="4" type="stmt"/>
      </file>
      <file name="Header.js" path="C:\Users\Mohamed Hashim\Desktop\LEARNING\REACT\NAMASTE REACT\lesson 1\src\components\Header.js">
        <metrics statements="8" coveredstatements="7" conditionals="4" coveredconditionals="1" methods="3" coveredmethods="2"/>
        <line num="7" count="1" type="stmt"/>
        <line num="9" count="3" type="stmt"/>
        <line num="10" count="2" type="stmt"/>
        <line num="11" count="2" type="stmt"/>
        <line num="14" count="4" type="stmt"/>
        <line num="16" count="2" type="stmt"/>
        <line num="19" count="2" type="stmt"/>
        <line num="36" count="0" type="cond" truecount="0" falsecount="2"/>
      </file>
      <file name="sum.js" path="C:\Users\Mohamed Hashim\Desktop\LEARNING\REACT\NAMASTE REACT\lesson 1\src\components\sum.js">
        <metrics statements="2" coveredstatements="2" conditionals="0" coveredconditionals="0" methods="1" coveredmethods="1"/>
        <line num="1" count="1" type="stmt"/>
        <line num="2" count="1" type="stmt"/>
      </file>
    </package>
    <package name="utils">
      <metrics statements="21" coveredstatements="12" conditionals="2" coveredconditionals="0" methods="8" coveredmethods="1"/>
      <file name="UserContext.js" path="C:\Users\Mohamed Hashim\Desktop\LEARNING\REACT\NAMASTE REACT\lesson 1\src\utils\UserContext.js">
        <metrics statements="1" coveredstatements="1" conditionals="0" coveredconditionals="0" methods="0" coveredmethods="0"/>
        <line num="4" count="1" type="stmt"/>
      </file>
      <file name="appStore.js" path="C:\Users\Mohamed Hashim\Desktop\LEARNING\REACT\NAMASTE REACT\lesson 1\src\utils\appStore.js">
        <metrics statements="1" coveredstatements="1" conditionals="0" coveredconditionals="0" methods="0" coveredmethods="0"/>
        <line num="4" count="1" type="stmt"/>
      </file>
      <file name="cartSlice.js" path="C:\Users\Mohamed Hashim\Desktop\LEARNING\REACT\NAMASTE REACT\lesson 1\src\utils\cartSlice.js">
        <metrics statements="7" coveredstatements="2" conditionals="2" coveredconditionals="0" methods="4" coveredmethods="0"/>
        <line num="4" count="1" type="stmt"/>
        <line num="11" count="0" type="stmt"/>
        <line num="14" count="0" type="stmt"/>
        <line num="16" count="0" type="cond" truecount="0" falsecount="2"/>
        <line num="17" count="0" type="stmt"/>
        <line num="21" count="0" type="stmt"/>
        <line num="28" count="1" type="stmt"/>
      </file>
      <file name="constants.js" path="C:\Users\Mohamed Hashim\Desktop\LEARNING\REACT\NAMASTE REACT\lesson 1\src\utils\constants.js">
        <metrics statements="4" coveredstatements="4" conditionals="0" coveredconditionals="0" methods="0" coveredmethods="0"/>
        <line num="1" count="1" type="stmt"/>
        <line num="3" count="1" type="stmt"/>
        <line num="5" count="1" type="stmt"/>
        <line num="7" count="1" type="stmt"/>
      </file>
      <file name="useOnlineStatus.js" path="C:\Users\Mohamed Hashim\Desktop\LEARNING\REACT\NAMASTE REACT\lesson 1\src\utils\useOnlineStatus.js">
        <metrics statements="8" coveredstatements="4" conditionals="0" coveredconditionals="0" methods="4" coveredmethods="1"/>
        <line num="3" count="1" type="stmt"/>
        <line num="5" count="2" type="stmt"/>
        <line num="7" count="2" type="stmt"/>
        <line num="8" count="0" type="stmt"/>
        <line num="9" count="0" type="stmt"/>
        <line num="12" count="0" type="stmt"/>
        <line num="13" count="0" type="stmt"/>
        <line num="18" count="2" type="stmt"/>
      </file>
    </package>
  </project>
</coverage>
