{"C:\\Users\\Mohamed Hashim\\Desktop\\LEARNING\\REACT\\NAMASTE REACT\\lesson 1\\src\\components\\Body.js": {"path":"C:\\Users\\Mohamed Hashim\\Desktop\\LEARNING\\REACT\\NAMASTE REACT\\lesson 1\\src\\components\\Body.js","statementMap":{"0":{"start":{"line":9,"column":13},"end":{"line":123,"column":1}},"1":{"start":{"line":11,"column":49},"end":{"line":11,"column":61}},"2":{"start":{"line":13,"column":38},"end":{"line":13,"column":50}},"3":{"start":{"line":15,"column":42},"end":{"line":15,"column":54}},"4":{"start":{"line":17,"column":38},"end":{"line":17,"column":61}},"5":{"start":{"line":20,"column":4},"end":{"line":22,"column":11}},"6":{"start":{"line":21,"column":6},"end":{"line":21,"column":18}},"7":{"start":{"line":26,"column":30},"end":{"line":32,"column":5}},"8":{"start":{"line":27,"column":27},"end":{"line":29,"column":8}},"9":{"start":{"line":28,"column":8},"end":{"line":28,"column":78}},"10":{"start":{"line":31,"column":6},"end":{"line":31,"column":34}},"11":{"start":{"line":35,"column":30},"end":{"line":35,"column":58}},"12":{"start":{"line":37,"column":22},"end":{"line":48,"column":5}},"13":{"start":{"line":38,"column":19},"end":{"line":40,"column":7}},"14":{"start":{"line":42,"column":19},"end":{"line":42,"column":36}},"15":{"start":{"line":46,"column":6},"end":{"line":46,"column":100}},"16":{"start":{"line":47,"column":6},"end":{"line":47,"column":97}},"17":{"start":{"line":50,"column":25},"end":{"line":50,"column":42}},"18":{"start":{"line":51,"column":4},"end":{"line":55,"column":5}},"19":{"start":{"line":52,"column":6},"end":{"line":54,"column":7}},"20":{"start":{"line":59,"column":4},"end":{"line":122,"column":5}},"21":{"start":{"line":71,"column":22},"end":{"line":71,"column":52}},"22":{"start":{"line":73,"column":39},"end":{"line":73,"column":79}},"23":{"start":{"line":73,"column":60},"end":{"line":73,"column":79}},"24":{"start":{"line":79,"column":45},"end":{"line":81,"column":26}},"25":{"start":{"line":80,"column":26},"end":{"line":80,"column":96}},"26":{"start":{"line":83,"column":24},"end":{"line":83,"column":52}},"27":{"start":{"line":94,"column":45},"end":{"line":98,"column":25}},"28":{"start":{"line":96,"column":32},"end":{"line":96,"column":64}},"29":{"start":{"line":99,"column":24},"end":{"line":99,"column":53}},"30":{"start":{"line":103,"column":54},"end":{"line":103,"column":102}},"31":{"start":{"line":103,"column":75},"end":{"line":103,"column":102}},"32":{"start":{"line":111,"column":19},"end":{"line":115,"column":27}}},"fnMap":{"0":{"name":"(anonymous_0)","decl":{"start":{"line":9,"column":13},"end":{"line":9,"column":14}},"loc":{"start":{"line":9,"column":17},"end":{"line":123,"column":1}},"line":9},"1":{"name":"(anonymous_1)","decl":{"start":{"line":20,"column":14},"end":{"line":20,"column":15}},"loc":{"start":{"line":20,"column":18},"end":{"line":22,"column":5}},"line":20},"2":{"name":"(anonymous_2)","decl":{"start":{"line":26,"column":30},"end":{"line":26,"column":31}},"loc":{"start":{"line":26,"column":34},"end":{"line":32,"column":5}},"line":26},"3":{"name":"(anonymous_3)","decl":{"start":{"line":27,"column":49},"end":{"line":27,"column":50}},"loc":{"start":{"line":27,"column":56},"end":{"line":29,"column":7}},"line":27},"4":{"name":"(anonymous_4)","decl":{"start":{"line":37,"column":22},"end":{"line":37,"column":23}},"loc":{"start":{"line":37,"column":32},"end":{"line":48,"column":5}},"line":37},"5":{"name":"(anonymous_5)","decl":{"start":{"line":70,"column":33},"end":{"line":70,"column":34}},"loc":{"start":{"line":70,"column":38},"end":{"line":72,"column":21}},"line":70},"6":{"name":"(anonymous_6)","decl":{"start":{"line":73,"column":33},"end":{"line":73,"column":34}},"loc":{"start":{"line":73,"column":38},"end":{"line":73,"column":80}},"line":73},"7":{"name":"(anonymous_7)","decl":{"start":{"line":78,"column":31},"end":{"line":78,"column":32}},"loc":{"start":{"line":78,"column":35},"end":{"line":84,"column":23}},"line":78},"8":{"name":"(anonymous_8)","decl":{"start":{"line":79,"column":67},"end":{"line":79,"column":68}},"loc":{"start":{"line":79,"column":74},"end":{"line":81,"column":25}},"line":79},"9":{"name":"(anonymous_9)","decl":{"start":{"line":93,"column":29},"end":{"line":93,"column":30}},"loc":{"start":{"line":93,"column":33},"end":{"line":100,"column":21}},"line":93},"10":{"name":"(anonymous_10)","decl":{"start":{"line":95,"column":28},"end":{"line":95,"column":29}},"loc":{"start":{"line":95,"column":35},"end":{"line":97,"column":29}},"line":95},"11":{"name":"(anonymous_11)","decl":{"start":{"line":103,"column":48},"end":{"line":103,"column":49}},"loc":{"start":{"line":103,"column":53},"end":{"line":103,"column":103}},"line":103},"12":{"name":"(anonymous_12)","decl":{"start":{"line":110,"column":34},"end":{"line":110,"column":35}},"loc":{"start":{"line":111,"column":19},"end":{"line":115,"column":27}},"line":111}},"branchMap":{"0":{"loc":{"start":{"line":51,"column":4},"end":{"line":55,"column":5}},"type":"if","locations":[{"start":{"line":51,"column":4},"end":{"line":55,"column":5}},{"start":{},"end":{}}],"line":51},"1":{"loc":{"start":{"line":73,"column":39},"end":{"line":73,"column":79}},"type":"if","locations":[{"start":{"line":73,"column":39},"end":{"line":73,"column":79}},{"start":{},"end":{}}],"line":73},"2":{"loc":{"start":{"line":103,"column":54},"end":{"line":103,"column":102}},"type":"if","locations":[{"start":{"line":103,"column":54},"end":{"line":103,"column":102}},{"start":{},"end":{}}],"line":103},"3":{"loc":{"start":{"line":113,"column":22},"end":{"line":113,"column":137}},"type":"cond-expr","locations":[{"start":{"line":113,"column":54},"end":{"line":113,"column":92}},{"start":{"line":113,"column":95},"end":{"line":113,"column":137}}],"line":113}},"s":{"0":1,"1":6,"2":6,"3":6,"4":6,"5":6,"6":2,"7":6,"8":0,"9":0,"10":0,"11":6,"12":6,"13":2,"14":2,"15":2,"16":2,"17":6,"18":6,"19":0,"20":6,"21":0,"22":0,"23":0,"24":1,"25":20,"26":1,"27":1,"28":20,"29":1,"30":0,"31":0,"32":67},"f":{"0":6,"1":2,"2":0,"3":0,"4":2,"5":0,"6":0,"7":1,"8":20,"9":1,"10":20,"11":0,"12":67},"b":{"0":[0,6],"1":[0,0],"2":[0,0],"3":[67,0]},"_coverageSchema":"1a1c01bbd47fc00a2c39e90264f33305004495a9","hash":"773142553391178e25d745e700377faa1460a536"}
,"C:\\Users\\Mohamed Hashim\\Desktop\\LEARNING\\REACT\\NAMASTE REACT\\lesson 1\\src\\components\\Contact.js": {"path":"C:\\Users\\Mohamed Hashim\\Desktop\\LEARNING\\REACT\\NAMASTE REACT\\lesson 1\\src\\components\\Contact.js","statementMap":{"0":{"start":{"line":1,"column":16},"end":{"line":13,"column":1}},"1":{"start":{"line":2,"column":4},"end":{"line":12,"column":5}}},"fnMap":{"0":{"name":"(anonymous_0)","decl":{"start":{"line":1,"column":16},"end":{"line":1,"column":17}},"loc":{"start":{"line":1,"column":20},"end":{"line":13,"column":1}},"line":1}},"branchMap":{},"s":{"0":1,"1":4},"f":{"0":4},"b":{},"_coverageSchema":"1a1c01bbd47fc00a2c39e90264f33305004495a9","hash":"a26168690af40d293161ddfa97b0c41bd4f06008"}
,"C:\\Users\\Mohamed Hashim\\Desktop\\LEARNING\\REACT\\NAMASTE REACT\\lesson 1\\src\\components\\Header.js": {"path":"C:\\Users\\Mohamed Hashim\\Desktop\\LEARNING\\REACT\\NAMASTE REACT\\lesson 1\\src\\components\\Header.js","statementMap":{"0":{"start":{"line":7,"column":15},"end":{"line":47,"column":1}},"1":{"start":{"line":9,"column":40},"end":{"line":9,"column":57}},"2":{"start":{"line":10,"column":25},"end":{"line":10,"column":42}},"3":{"start":{"line":11,"column":27},"end":{"line":11,"column":50}},"4":{"start":{"line":14,"column":22},"end":{"line":14,"column":61}},"5":{"start":{"line":14,"column":44},"end":{"line":14,"column":60}},"6":{"start":{"line":16,"column":4},"end":{"line":16,"column":27}},"7":{"start":{"line":19,"column":4},"end":{"line":46,"column":5}},"8":{"start":{"line":36,"column":23},"end":{"line":36,"column":97}}},"fnMap":{"0":{"name":"(anonymous_0)","decl":{"start":{"line":7,"column":15},"end":{"line":7,"column":16}},"loc":{"start":{"line":7,"column":19},"end":{"line":47,"column":1}},"line":7},"1":{"name":"(anonymous_1)","decl":{"start":{"line":14,"column":34},"end":{"line":14,"column":35}},"loc":{"start":{"line":14,"column":44},"end":{"line":14,"column":60}},"line":14},"2":{"name":"(anonymous_2)","decl":{"start":{"line":35,"column":29},"end":{"line":35,"column":30}},"loc":{"start":{"line":35,"column":33},"end":{"line":37,"column":21}},"line":35}},"branchMap":{"0":{"loc":{"start":{"line":28,"column":56},"end":{"line":28,"column":80}},"type":"cond-expr","locations":[{"start":{"line":28,"column":71},"end":{"line":28,"column":74}},{"start":{"line":28,"column":77},"end":{"line":28,"column":80}}],"line":28},"1":{"loc":{"start":{"line":36,"column":23},"end":{"line":36,"column":96}},"type":"cond-expr","locations":[{"start":{"line":36,"column":48},"end":{"line":36,"column":71}},{"start":{"line":36,"column":74},"end":{"line":36,"column":96}}],"line":36}},"s":{"0":1,"1":5,"2":5,"3":5,"4":5,"5":9,"6":5,"7":5,"8":1},"f":{"0":5,"1":9,"2":1},"b":{"0":[5,0],"1":[1,0]},"_coverageSchema":"1a1c01bbd47fc00a2c39e90264f33305004495a9","hash":"90c22c6397a6dd1e739d344019b7f05c5123f5a4"}
,"C:\\Users\\Mohamed Hashim\\Desktop\\LEARNING\\REACT\\NAMASTE REACT\\lesson 1\\src\\components\\RestaurantCard.js": {"path":"C:\\Users\\Mohamed Hashim\\Desktop\\LEARNING\\REACT\\NAMASTE REACT\\lesson 1\\src\\components\\RestaurantCard.js","statementMap":{"0":{"start":{"line":4,"column":23},"end":{"line":22,"column":1}},"1":{"start":{"line":6,"column":24},"end":{"line":6,"column":29}},"2":{"start":{"line":7,"column":31},"end":{"line":7,"column":44}},"3":{"start":{"line":8,"column":4},"end":{"line":21,"column":5}},"4":{"start":{"line":25,"column":28},"end":{"line":34,"column":1}},"5":{"start":{"line":26,"column":4},"end":{"line":33,"column":5}},"6":{"start":{"line":27,"column":8},"end":{"line":32,"column":9}}},"fnMap":{"0":{"name":"(anonymous_0)","decl":{"start":{"line":4,"column":23},"end":{"line":4,"column":24}},"loc":{"start":{"line":4,"column":32},"end":{"line":22,"column":1}},"line":4},"1":{"name":"(anonymous_1)","decl":{"start":{"line":25,"column":28},"end":{"line":25,"column":29}},"loc":{"start":{"line":25,"column":46},"end":{"line":34,"column":1}},"line":25},"2":{"name":"(anonymous_2)","decl":{"start":{"line":26,"column":11},"end":{"line":26,"column":12}},"loc":{"start":{"line":26,"column":20},"end":{"line":33,"column":5}},"line":26}},"branchMap":{},"s":{"0":2,"1":69,"2":69,"3":69,"4":2,"5":7,"6":1},"f":{"0":69,"1":7,"2":1},"b":{},"_coverageSchema":"1a1c01bbd47fc00a2c39e90264f33305004495a9","hash":"c703b83ddaec7fac18ae5d16351a20161343ce01"}
,"C:\\Users\\Mohamed Hashim\\Desktop\\LEARNING\\REACT\\NAMASTE REACT\\lesson 1\\src\\components\\Shimmer.js": {"path":"C:\\Users\\Mohamed Hashim\\Desktop\\LEARNING\\REACT\\NAMASTE REACT\\lesson 1\\src\\components\\Shimmer.js","statementMap":{"0":{"start":{"line":1,"column":16},"end":{"line":21,"column":1}},"1":{"start":{"line":2,"column":4},"end":{"line":20,"column":5}}},"fnMap":{"0":{"name":"(anonymous_0)","decl":{"start":{"line":1,"column":16},"end":{"line":1,"column":17}},"loc":{"start":{"line":1,"column":20},"end":{"line":21,"column":1}},"line":1}},"branchMap":{},"s":{"0":1,"1":0},"f":{"0":0},"b":{},"_coverageSchema":"1a1c01bbd47fc00a2c39e90264f33305004495a9","hash":"a65f4711740054fff82152a344e58556c8b3b7b1"}
,"C:\\Users\\Mohamed Hashim\\Desktop\\LEARNING\\REACT\\NAMASTE REACT\\lesson 1\\src\\components\\sum.js": {"path":"C:\\Users\\Mohamed Hashim\\Desktop\\LEARNING\\REACT\\NAMASTE REACT\\lesson 1\\src\\components\\sum.js","statementMap":{"0":{"start":{"line":1,"column":19},"end":{"line":3,"column":1}},"1":{"start":{"line":2,"column":4},"end":{"line":2,"column":15}}},"fnMap":{"0":{"name":"(anonymous_0)","decl":{"start":{"line":1,"column":19},"end":{"line":1,"column":20}},"loc":{"start":{"line":1,"column":26},"end":{"line":3,"column":1}},"line":1}},"branchMap":{},"s":{"0":1,"1":1},"f":{"0":1},"b":{},"_coverageSchema":"1a1c01bbd47fc00a2c39e90264f33305004495a9","hash":"4bf689312587ec048c4ed6fcfa9b28662ff9acc9"}
,"C:\\Users\\Mohamed Hashim\\Desktop\\LEARNING\\REACT\\NAMASTE REACT\\lesson 1\\src\\utils\\UserContext.js": {"path":"C:\\Users\\Mohamed Hashim\\Desktop\\LEARNING\\REACT\\NAMASTE REACT\\lesson 1\\src\\utils\\UserContext.js","statementMap":{"0":{"start":{"line":4,"column":20},"end":{"line":6,"column":2}}},"fnMap":{},"branchMap":{},"s":{"0":2},"f":{},"b":{},"_coverageSchema":"1a1c01bbd47fc00a2c39e90264f33305004495a9","hash":"ed83895c936d7c26236c782b7a73661434f70b5d"}
,"C:\\Users\\Mohamed Hashim\\Desktop\\LEARNING\\REACT\\NAMASTE REACT\\lesson 1\\src\\utils\\appStore.js": {"path":"C:\\Users\\Mohamed Hashim\\Desktop\\LEARNING\\REACT\\NAMASTE REACT\\lesson 1\\src\\utils\\appStore.js","statementMap":{"0":{"start":{"line":4,"column":17},"end":{"line":8,"column":2}}},"fnMap":{},"branchMap":{},"s":{"0":1},"f":{},"b":{},"_coverageSchema":"1a1c01bbd47fc00a2c39e90264f33305004495a9","hash":"4986372d1763848e17623be8a5dc0b368e2e059d"}
,"C:\\Users\\Mohamed Hashim\\Desktop\\LEARNING\\REACT\\NAMASTE REACT\\lesson 1\\src\\utils\\cartSlice.js": {"path":"C:\\Users\\Mohamed Hashim\\Desktop\\LEARNING\\REACT\\NAMASTE REACT\\lesson 1\\src\\utils\\cartSlice.js","statementMap":{"0":{"start":{"line":4,"column":18},"end":{"line":24,"column":2}},"1":{"start":{"line":11,"column":12},"end":{"line":11,"column":45}},"2":{"start":{"line":14,"column":26},"end":{"line":14,"column":93}},"3":{"start":{"line":14,"column":56},"end":{"line":14,"column":92}},"4":{"start":{"line":16,"column":12},"end":{"line":18,"column":13}},"5":{"start":{"line":17,"column":13},"end":{"line":17,"column":41}},"6":{"start":{"line":21,"column":12},"end":{"line":21,"column":35}},"7":{"start":{"line":28,"column":50},"end":{"line":28,"column":67}}},"fnMap":{"0":{"name":"(anonymous_0)","decl":{"start":{"line":10,"column":17},"end":{"line":10,"column":18}},"loc":{"start":{"line":10,"column":33},"end":{"line":12,"column":9}},"line":10},"1":{"name":"(anonymous_1)","decl":{"start":{"line":13,"column":20},"end":{"line":13,"column":21}},"loc":{"start":{"line":13,"column":36},"end":{"line":19,"column":9}},"line":13},"2":{"name":"(anonymous_2)","decl":{"start":{"line":14,"column":48},"end":{"line":14,"column":49}},"loc":{"start":{"line":14,"column":56},"end":{"line":14,"column":92}},"line":14},"3":{"name":"(anonymous_3)","decl":{"start":{"line":20,"column":19},"end":{"line":20,"column":20}},"loc":{"start":{"line":20,"column":28},"end":{"line":22,"column":9}},"line":20}},"branchMap":{"0":{"loc":{"start":{"line":16,"column":12},"end":{"line":18,"column":13}},"type":"if","locations":[{"start":{"line":16,"column":12},"end":{"line":18,"column":13}},{"start":{},"end":{}}],"line":16}},"s":{"0":1,"1":0,"2":0,"3":0,"4":0,"5":0,"6":0,"7":1},"f":{"0":0,"1":0,"2":0,"3":0},"b":{"0":[0,0]},"_coverageSchema":"1a1c01bbd47fc00a2c39e90264f33305004495a9","hash":"2a4a69db8513ab9deaffd6b5684e2e710a621e72"}
,"C:\\Users\\Mohamed Hashim\\Desktop\\LEARNING\\REACT\\NAMASTE REACT\\lesson 1\\src\\utils\\constants.js": {"path":"C:\\Users\\Mohamed Hashim\\Desktop\\LEARNING\\REACT\\NAMASTE REACT\\lesson 1\\src\\utils\\constants.js","statementMap":{"0":{"start":{"line":1,"column":24},"end":{"line":1,"column":102}},"1":{"start":{"line":3,"column":24},"end":{"line":3,"column":107}},"2":{"start":{"line":5,"column":28},"end":{"line":5,"column":123}},"3":{"start":{"line":7,"column":24},"end":{"line":7,"column":147}}},"fnMap":{},"branchMap":{},"s":{"0":3,"1":3,"2":3,"3":3},"f":{},"b":{},"_coverageSchema":"1a1c01bbd47fc00a2c39e90264f33305004495a9","hash":"d0cf858ee6ecebef51fc006ea4dc86cd4d47f548"}
,"C:\\Users\\Mohamed Hashim\\Desktop\\LEARNING\\REACT\\NAMASTE REACT\\lesson 1\\src\\utils\\useOnlineStatus.js": {"path":"C:\\Users\\Mohamed Hashim\\Desktop\\LEARNING\\REACT\\NAMASTE REACT\\lesson 1\\src\\utils\\useOnlineStatus.js","statementMap":{"0":{"start":{"line":3,"column":24},"end":{"line":19,"column":1}},"1":{"start":{"line":5,"column":42},"end":{"line":5,"column":56}},"2":{"start":{"line":7,"column":4},"end":{"line":15,"column":9}},"3":{"start":{"line":8,"column":8},"end":{"line":10,"column":10}},"4":{"start":{"line":9,"column":12},"end":{"line":9,"column":35}},"5":{"start":{"line":12,"column":8},"end":{"line":14,"column":10}},"6":{"start":{"line":13,"column":12},"end":{"line":13,"column":33}},"7":{"start":{"line":18,"column":4},"end":{"line":18,"column":24}}},"fnMap":{"0":{"name":"(anonymous_0)","decl":{"start":{"line":3,"column":24},"end":{"line":3,"column":25}},"loc":{"start":{"line":3,"column":28},"end":{"line":19,"column":1}},"line":3},"1":{"name":"(anonymous_1)","decl":{"start":{"line":7,"column":14},"end":{"line":7,"column":15}},"loc":{"start":{"line":7,"column":18},"end":{"line":15,"column":5}},"line":7},"2":{"name":"(anonymous_2)","decl":{"start":{"line":8,"column":42},"end":{"line":8,"column":43}},"loc":{"start":{"line":8,"column":46},"end":{"line":10,"column":9}},"line":8},"3":{"name":"(anonymous_3)","decl":{"start":{"line":12,"column":43},"end":{"line":12,"column":44}},"loc":{"start":{"line":12,"column":47},"end":{"line":14,"column":9}},"line":12}},"branchMap":{},"s":{"0":2,"1":11,"2":11,"3":6,"4":0,"5":6,"6":0,"7":11},"f":{"0":11,"1":6,"2":0,"3":0},"b":{},"_coverageSchema":"1a1c01bbd47fc00a2c39e90264f33305004495a9","hash":"1db246a7b8512225aef12c056f44583755aa68af"}
}
