{"C:\\Users\\Mohamed Hashim\\Desktop\\LEARNING\\REACT\\NAMASTE REACT\\lesson 1\\src\\components\\Contact.js": {"path":"C:\\Users\\Mohamed Hashim\\Desktop\\LEARNING\\REACT\\NAMASTE REACT\\lesson 1\\src\\components\\Contact.js","statementMap":{"0":{"start":{"line":1,"column":16},"end":{"line":13,"column":1}},"1":{"start":{"line":2,"column":4},"end":{"line":12,"column":5}}},"fnMap":{"0":{"name":"(anonymous_0)","decl":{"start":{"line":1,"column":16},"end":{"line":1,"column":17}},"loc":{"start":{"line":1,"column":20},"end":{"line":13,"column":1}},"line":1}},"branchMap":{},"s":{"0":1,"1":4},"f":{"0":4},"b":{},"_coverageSchema":"1a1c01bbd47fc00a2c39e90264f33305004495a9","hash":"a26168690af40d293161ddfa97b0c41bd4f06008"}
,"C:\\Users\\Mohamed Hashim\\Desktop\\LEARNING\\REACT\\NAMASTE REACT\\lesson 1\\src\\components\\sum.js": {"path":"C:\\Users\\Mohamed Hashim\\Desktop\\LEARNING\\REACT\\NAMASTE REACT\\lesson 1\\src\\components\\sum.js","statementMap":{"0":{"start":{"line":1,"column":19},"end":{"line":3,"column":1}},"1":{"start":{"line":2,"column":4},"end":{"line":2,"column":15}}},"fnMap":{"0":{"name":"(anonymous_0)","decl":{"start":{"line":1,"column":19},"end":{"line":1,"column":20}},"loc":{"start":{"line":1,"column":26},"end":{"line":3,"column":1}},"line":1}},"branchMap":{},"s":{"0":1,"1":1},"f":{"0":1},"b":{},"_coverageSchema":"1a1c01bbd47fc00a2c39e90264f33305004495a9","hash":"4bf689312587ec048c4ed6fcfa9b28662ff9acc9"}
}
