TN:
SF:src\components\Body.js
FN:9,(anonymous_0)
FN:20,(anonymous_1)
FN:26,(anonymous_2)
FN:27,(anonymous_3)
FN:37,(anonymous_4)
FN:70,(anonymous_5)
FN:73,(anonymous_6)
FN:78,(anonymous_7)
FN:79,(anonymous_8)
FN:93,(anonymous_9)
FN:95,(anonymous_10)
FN:103,(anonymous_11)
FN:110,(anonymous_12)
FNF:13
FNH:8
FNDA:6,(anonymous_0)
FNDA:2,(anonymous_1)
FNDA:0,(anonymous_2)
FNDA:0,(anonymous_3)
FNDA:2,(anonymous_4)
FNDA:0,(anonymous_5)
FNDA:0,(anonymous_6)
FNDA:1,(anonymous_7)
FNDA:20,(anonymous_8)
FNDA:1,(anonymous_9)
FNDA:20,(anonymous_10)
FNDA:0,(anonymous_11)
FNDA:67,(anonymous_12)
DA:9,1
DA:11,6
DA:13,6
DA:15,6
DA:17,6
DA:20,6
DA:21,2
DA:26,6
DA:27,0
DA:28,0
DA:31,0
DA:35,6
DA:37,6
DA:38,2
DA:42,2
DA:46,2
DA:47,2
DA:50,6
DA:51,6
DA:52,0
DA:59,6
DA:71,0
DA:73,0
DA:79,1
DA:80,20
DA:83,1
DA:94,1
DA:96,20
DA:99,1
DA:103,0
DA:111,67
LF:31
LH:24
BRDA:51,0,0,0
BRDA:51,0,1,6
BRDA:73,1,0,0
BRDA:73,1,1,0
BRDA:103,2,0,0
BRDA:103,2,1,0
BRDA:113,3,0,67
BRDA:113,3,1,0
BRF:8
BRH:2
end_of_record
TN:
SF:src\components\Contact.js
FN:1,(anonymous_0)
FNF:1
FNH:1
FNDA:4,(anonymous_0)
DA:1,1
DA:2,4
LF:2
LH:2
BRF:0
BRH:0
end_of_record
TN:
SF:src\components\Header.js
FN:7,(anonymous_0)
FN:14,(anonymous_1)
FN:35,(anonymous_2)
FNF:3
FNH:3
FNDA:5,(anonymous_0)
FNDA:9,(anonymous_1)
FNDA:1,(anonymous_2)
DA:7,1
DA:9,5
DA:10,5
DA:11,5
DA:14,9
DA:16,5
DA:19,5
DA:36,1
LF:8
LH:8
BRDA:28,0,0,5
BRDA:28,0,1,0
BRDA:36,1,0,1
BRDA:36,1,1,0
BRF:4
BRH:2
end_of_record
TN:
SF:src\components\RestaurantCard.js
FN:4,(anonymous_0)
FN:25,(anonymous_1)
FN:26,(anonymous_2)
FNF:3
FNH:3
FNDA:69,(anonymous_0)
FNDA:7,(anonymous_1)
FNDA:1,(anonymous_2)
DA:4,2
DA:6,69
DA:7,69
DA:8,69
DA:25,2
DA:26,7
DA:27,1
LF:7
LH:7
BRF:0
BRH:0
end_of_record
TN:
SF:src\components\Shimmer.js
FN:1,(anonymous_0)
FNF:1
FNH:0
FNDA:0,(anonymous_0)
DA:1,1
DA:2,0
LF:2
LH:1
BRF:0
BRH:0
end_of_record
TN:
SF:src\components\sum.js
FN:1,(anonymous_0)
FNF:1
FNH:1
FNDA:1,(anonymous_0)
DA:1,1
DA:2,1
LF:2
LH:2
BRF:0
BRH:0
end_of_record
TN:
SF:src\utils\UserContext.js
FNF:0
FNH:0
DA:4,2
LF:1
LH:1
BRF:0
BRH:0
end_of_record
TN:
SF:src\utils\appStore.js
FNF:0
FNH:0
DA:4,1
LF:1
LH:1
BRF:0
BRH:0
end_of_record
TN:
SF:src\utils\cartSlice.js
FN:10,(anonymous_0)
FN:13,(anonymous_1)
FN:14,(anonymous_2)
FN:20,(anonymous_3)
FNF:4
FNH:0
FNDA:0,(anonymous_0)
FNDA:0,(anonymous_1)
FNDA:0,(anonymous_2)
FNDA:0,(anonymous_3)
DA:4,1
DA:11,0
DA:14,0
DA:16,0
DA:17,0
DA:21,0
DA:28,1
LF:7
LH:2
BRDA:16,0,0,0
BRDA:16,0,1,0
BRF:2
BRH:0
end_of_record
TN:
SF:src\utils\constants.js
FNF:0
FNH:0
DA:1,3
DA:3,3
DA:5,3
DA:7,3
LF:4
LH:4
BRF:0
BRH:0
end_of_record
TN:
SF:src\utils\useOnlineStatus.js
FN:3,(anonymous_0)
FN:7,(anonymous_1)
FN:8,(anonymous_2)
FN:12,(anonymous_3)
FNF:4
FNH:2
FNDA:11,(anonymous_0)
FNDA:6,(anonymous_1)
FNDA:0,(anonymous_2)
FNDA:0,(anonymous_3)
DA:3,2
DA:5,11
DA:7,11
DA:8,6
DA:9,0
DA:12,6
DA:13,0
DA:18,11
LF:8
LH:6
BRF:0
BRH:0
end_of_record
